[2024-10-19 13:32:24] This is codeql database create sql-inj-db --language=java --source-root=.
[2024-10-19 13:32:24] Log file was started late.
[2024-10-19 13:32:24] [PROGRESS] database create> Initializing database at C:\Users\AKANKSHA KALE\Desktop\CWE-Projects\sql_injection\securebanking-app\sql-inj-db.
[2024-10-19 13:32:24] Running plumbing command: codeql database init --language=java --extractor-options-verbosity=1 --qlconfig-file=C:\Users\AKANKSHA KALE\Desktop\CWE-Projects\sql_injection\securebanking-app\qlconfig.yml --source-root=C:\Users\AKANKSHA KALE\Desktop\CWE-Projects\sql_injection\securebanking-app --allow-missing-source-root=false --allow-already-existing -- C:\Users\AKANKSHA KALE\Desktop\CWE-Projects\sql_injection\securebanking-app\sql-inj-db
[2024-10-19 13:32:24] Calling plumbing command: codeql resolve languages --extractor-options-verbosity=1 --format=betterjson
[2024-10-19 13:32:24] [DETAILS] resolve languages> Scanning for [codeql-extractor.yml] from C:\Users\AKANKSHA KALE\Downloads\codeql-win64\codeql\.codeqlmanifest.json
[2024-10-19 13:32:24] [DETAILS] resolve languages> Parsing C:\Users\AKANKSHA KALE\Downloads\codeql-win64\codeql\cpp\codeql-extractor.yml.
[2024-10-19 13:32:24] [DETAILS] resolve languages> Parsing C:\Users\AKANKSHA KALE\Downloads\codeql-win64\codeql\csharp\codeql-extractor.yml.
[2024-10-19 13:32:24] [DETAILS] resolve languages> Parsing C:\Users\AKANKSHA KALE\Downloads\codeql-win64\codeql\csv\codeql-extractor.yml.
[2024-10-19 13:32:24] [DETAILS] resolve languages> Parsing C:\Users\AKANKSHA KALE\Downloads\codeql-win64\codeql\go\codeql-extractor.yml.
[2024-10-19 13:32:24] [DETAILS] resolve languages> Parsing C:\Users\AKANKSHA KALE\Downloads\codeql-win64\codeql\html\codeql-extractor.yml.
[2024-10-19 13:32:24] [DETAILS] resolve languages> Parsing C:\Users\AKANKSHA KALE\Downloads\codeql-win64\codeql\java\codeql-extractor.yml.
[2024-10-19 13:32:24] [DETAILS] resolve languages> Parsing C:\Users\AKANKSHA KALE\Downloads\codeql-win64\codeql\javascript\codeql-extractor.yml.
[2024-10-19 13:32:24] [DETAILS] resolve languages> Parsing C:\Users\AKANKSHA KALE\Downloads\codeql-win64\codeql\properties\codeql-extractor.yml.
[2024-10-19 13:32:24] [DETAILS] resolve languages> Parsing C:\Users\AKANKSHA KALE\Downloads\codeql-win64\codeql\python\codeql-extractor.yml.
[2024-10-19 13:32:24] [DETAILS] resolve languages> Parsing C:\Users\AKANKSHA KALE\Downloads\codeql-win64\codeql\ruby\codeql-extractor.yml.
[2024-10-19 13:32:24] [DETAILS] resolve languages> Parsing C:\Users\AKANKSHA KALE\Downloads\codeql-win64\codeql\swift\codeql-extractor.yml.
[2024-10-19 13:32:24] [DETAILS] resolve languages> Parsing C:\Users\AKANKSHA KALE\Downloads\codeql-win64\codeql\xml\codeql-extractor.yml.
[2024-10-19 13:32:24] [DETAILS] resolve languages> Parsing C:\Users\AKANKSHA KALE\Downloads\codeql-win64\codeql\yaml\codeql-extractor.yml.
[2024-10-19 13:32:24] Plumbing command codeql resolve languages completed:
                      {
                        "aliases" : {
                          "c" : "cpp",
                          "c++" : "cpp",
                          "c-c++" : "cpp",
                          "c-cpp" : "cpp",
                          "c#" : "csharp",
                          "java-kotlin" : "java",
                          "kotlin" : "java",
                          "javascript-typescript" : "javascript",
                          "typescript" : "javascript"
                        },
                        "extractors" : {
                          "cpp" : [
                            {
                              "extractor_root" : "C:\\Users\\AKANKSHA KALE\\Downloads\\codeql-win64\\codeql\\cpp",
                              "extractor_options" : { }
                            }
                          ],
                          "csharp" : [
                            {
                              "extractor_root" : "C:\\Users\\AKANKSHA KALE\\Downloads\\codeql-win64\\codeql\\csharp",
                              "extractor_options" : {
                                "trap" : {
                                  "title" : "Options pertaining to TRAP.",
                                  "description" : "Options pertaining to TRAP.",
                                  "type" : "object",
                                  "properties" : {
                                    "compression" : {
                                      "title" : "Controls compression for the TRAP files written by the extractor.",
                                      "description" : "This option is only intended for use in debugging the extractor. Accepted values are 'brotli' (the default, to write brotli-compressed TRAP), 'gzip', and 'none' (to write uncompressed TRAP).\n",
                                      "type" : "string",
                                      "pattern" : "^(none|gzip|brotli)$"
                                    }
                                  }
                                },
                                "buildless" : {
                                  "title" : "DEPRECATED - Whether to use buildless (standalone) extraction.",
                                  "description" : "DEPRECATED: Use `--build-mode none` instead.\nA value indicating, which type of extraction the autobuilder should perform. If 'true', then the standalone extractor will be used, otherwise tracing extraction will be performed. The default is 'false'. Note that buildless extraction will generally yield less accurate analysis results, and should only be used in cases where it is not possible to build the code (for example if it uses inaccessible dependencies).\n",
                                  "type" : "string",
                                  "pattern" : "^(false|true)$"
                                },
                                "logging" : {
                                  "title" : "Options pertaining to logging.",
                                  "description" : "Options pertaining to logging.",
                                  "type" : "object",
                                  "properties" : {
                                    "verbosity" : {
                                      "title" : "Extractor logging verbosity level.",
                                      "description" : "Controls the level of verbosity of the extractor. The supported levels are (in order of increasing verbosity):\n  - off\n  - errors\n  - warnings\n  - info or progress\n  - debug or progress+\n  - trace or progress++\n  - progress+++\n",
                                      "type" : "string",
                                      "pattern" : "^(off|errors|warnings|(info|progress)|(debug|progress\\+)|(trace|progress\\+\\+)|progress\\+\\+\\+)$"
                                    }
                                  }
                                },
                                "binlog" : {
                                  "title" : "Binlog",
                                  "description" : "[EXPERIMENTAL] The value is a path to the MsBuild binary log file that should be extracted. This option only works when `--build-mode none` is also specified.\n",
                                  "type" : "string"
                                }
                              }
                            }
                          ],
                          "csv" : [
                            {
                              "extractor_root" : "C:\\Users\\AKANKSHA KALE\\Downloads\\codeql-win64\\codeql\\csv"
                            }
                          ],
                          "go" : [
                            {
                              "extractor_root" : "C:\\Users\\AKANKSHA KALE\\Downloads\\codeql-win64\\codeql\\go",
                              "extractor_options" : {
                                "extract_tests" : {
                                  "title" : "Whether to include Go test files in the CodeQL database.",
                                  "description" : "A value indicating whether Go test files should be included in the CodeQL database. The default is 'false'.\n",
                                  "type" : "string",
                                  "pattern" : "^(false|true)$"
                                }
                              }
                            }
                          ],
                          "html" : [
                            {
                              "extractor_root" : "C:\\Users\\AKANKSHA KALE\\Downloads\\codeql-win64\\codeql\\html"
                            }
                          ],
                          "java" : [
                            {
                              "extractor_root" : "C:\\Users\\AKANKSHA KALE\\Downloads\\codeql-win64\\codeql\\java",
                              "extractor_options" : {
                                "exclude" : {
                                  "title" : "A glob excluding files from analysis.",
                                  "description" : "A glob indicating what files to exclude from the analysis.\n",
                                  "type" : "string"
                                },
                                "add_prefer_source" : {
                                  "title" : "Whether to always prefer source files over class files.",
                                  "description" : "A value indicating whether source files should be preferred over class files. If set to 'true', the extraction adds '-Xprefer:source' to the javac command line. If set to 'false', the extraction uses the default javac behavior ('-Xprefer:newer'). The default is 'true'.\n",
                                  "type" : "string",
                                  "pattern" : "^(false|true)$"
                                },
                                "buildless" : {
                                  "title" : "Whether to use buildless (standalone) extraction (experimental).",
                                  "description" : "A value indicating, which type of extraction the autobuilder should perform. If 'true', then the standalone extractor will be used, otherwise tracing extraction will be performed. The default is 'false'. Note that buildless extraction will generally yield less accurate analysis results, and should only be used in cases where it is not possible to build the code (for example if it uses inaccessible dependencies).\n",
                                  "type" : "string",
                                  "pattern" : "^(false|true)$"
                                }
                              }
                            }
                          ],
                          "javascript" : [
                            {
                              "extractor_root" : "C:\\Users\\AKANKSHA KALE\\Downloads\\codeql-win64\\codeql\\javascript",
                              "extractor_options" : {
                                "skip_types" : {
                                  "title" : "Skip type extraction for TypeScript",
                                  "description" : "Whether to skip the extraction of types in a TypeScript application",
                                  "type" : "string",
                                  "pattern" : "^(false|true)$"
                                }
                              }
                            }
                          ],
                          "properties" : [
                            {
                              "extractor_root" : "C:\\Users\\AKANKSHA KALE\\Downloads\\codeql-win64\\codeql\\properties"
                            }
                          ],
                          "python" : [
                            {
                              "extractor_root" : "C:\\Users\\AKANKSHA KALE\\Downloads\\codeql-win64\\codeql\\python",
                              "extractor_options" : {
                                "logging" : {
                                  "title" : "Options pertaining to logging.",
                                  "description" : "Options pertaining to logging.",
                                  "type" : "object",
                                  "properties" : {
                                    "verbosity" : {
                                      "title" : "Python extractor logging verbosity level.",
                                      "description" : "Controls the level of verbosity of the CodeQL Python extractor.\nThe supported levels are (in order of increasing verbosity):\n\n  - off\n  - errors\n  - warnings\n  - info or progress\n  - debug or progress+\n  - trace or progress++\n  - progress+++\n",
                                      "type" : "string",
                                      "pattern" : "^(off|errors|warnings|(info|progress)|(debug|progress\\+)|(trace|progress\\+\\+)|progress\\+\\+\\+)$"
                                    }
                                  }
                                },
                                "python_executable_name" : {
                                  "title" : "Controls the name of the Python executable used by the Python extractor.",
                                  "description" : "The Python extractor uses platform-dependent heuristics to determine the name of the Python executable to use. Specifying a value for this option overrides the name of the Python executable used by the extractor. Accepted values are py, python and python3. Use this setting with caution, the Python extractor requires Python 3 to run.\n",
                                  "type" : "string",
                                  "pattern" : "^(py|python|python3)$"
                                }
                              }
                            }
                          ],
                          "ruby" : [
                            {
                              "extractor_root" : "C:\\Users\\AKANKSHA KALE\\Downloads\\codeql-win64\\codeql\\ruby",
                              "extractor_options" : {
                                "trap" : {
                                  "title" : "Options pertaining to TRAP.",
                                  "description" : "Options pertaining to TRAP.",
                                  "type" : "object",
                                  "properties" : {
                                    "compression" : {
                                      "title" : "Controls compression for the TRAP files written by the extractor.",
                                      "description" : "This option is only intended for use in debugging the extractor. Accepted values are 'gzip' (the default, to write gzip-compressed TRAP) and 'none' (to write uncompressed TRAP).\n",
                                      "type" : "string",
                                      "pattern" : "^(none|gzip)$"
                                    }
                                  }
                                }
                              }
                            }
                          ],
                          "swift" : [
                            {
                              "extractor_root" : "C:\\Users\\AKANKSHA KALE\\Downloads\\codeql-win64\\codeql\\swift"
                            }
                          ],
                          "xml" : [
                            {
                              "extractor_root" : "C:\\Users\\AKANKSHA KALE\\Downloads\\codeql-win64\\codeql\\xml"
                            }
                          ],
                          "yaml" : [
                            {
                              "extractor_root" : "C:\\Users\\AKANKSHA KALE\\Downloads\\codeql-win64\\codeql\\yaml"
                            }
                          ]
                        }
                      }
[2024-10-19 13:32:25] [PROGRESS] database init> Calculating baseline information in C:\Users\AKANKSHA KALE\Desktop\CWE-Projects\sql_injection\securebanking-app
[2024-10-19 13:32:25] [SPAMMY] database init> Ignoring the following directories when processing baseline information: .git, .hg, .svn.
[2024-10-19 13:32:25] [DETAILS] database init> Running command in C:\Users\AKANKSHA KALE\Desktop\CWE-Projects\sql_injection\securebanking-app: C:\Users\AKANKSHA KALE\Downloads\codeql-win64\codeql\tools\win64\scc.exe --by-file --exclude-dir .git,.hg,.svn --format json --no-large --no-min .
[2024-10-19 13:32:25] [SPAMMY] database init> Found 6 baseline files for java.
[2024-10-19 13:32:25] [PROGRESS] database init> Calculated baseline information for languages: java (65ms).
[2024-10-19 13:32:25] [PROGRESS] database init> Resolving extractor java.
[2024-10-19 13:32:25] [DETAILS] database init> Found candidate extractor root for java: C:\Users\AKANKSHA KALE\Downloads\codeql-win64\codeql\java.
[2024-10-19 13:32:25] [PROGRESS] database init> Successfully loaded extractor Java/Kotlin (java) from C:\Users\AKANKSHA KALE\Downloads\codeql-win64\codeql\java.
[2024-10-19 13:32:25] [PROGRESS] database init> Created skeleton CodeQL database at C:\Users\AKANKSHA KALE\Desktop\CWE-Projects\sql_injection\securebanking-app\sql-inj-db. This in-progress database is ready to be populated by an extractor.
[2024-10-19 13:32:25] Plumbing command codeql database init completed.
[2024-10-19 13:32:25] Using autobuild script C:\Users\AKANKSHA KALE\Downloads\codeql-win64\codeql\java\tools\autobuild.cmd.
[2024-10-19 13:32:25] [DETAILS] database create> Detected autobuild command for Java/Kotlin: C:\Users\AKANKSHA KALE\Downloads\codeql-win64\codeql\java\tools\autobuild.cmd.
[2024-10-19 13:32:25] [PROGRESS] database create> Running build command: [C:\Users\AKANKSHA KALE\Downloads\codeql-win64\codeql\java\tools\autobuild.cmd]
[2024-10-19 13:32:25] Running plumbing command: codeql database trace-command --working-dir=C:\Users\AKANKSHA KALE\Desktop\CWE-Projects\sql_injection\securebanking-app --index-traceless-dbs --no-db-cluster -- C:\Users\AKANKSHA KALE\Desktop\CWE-Projects\sql_injection\securebanking-app\sql-inj-db C:\Users\AKANKSHA KALE\Downloads\codeql-win64\codeql\java\tools\autobuild.cmd
[2024-10-19 13:32:25] [PROGRESS] database trace-command> Running command in C:\Users\AKANKSHA KALE\Desktop\CWE-Projects\sql_injection\securebanking-app: [C:\Users\AKANKSHA KALE\Downloads\codeql-win64\codeql\java\tools\autobuild.cmd]
[2024-10-19 13:32:26] [build-stdout] [2024-10-19 13:32:26] Build directory is .
[2024-10-19 13:32:26] [build-stdout] [2024-10-19 13:32:26] [autobuild] > C:\Users\AKANKSHA KALE\Desktop\CWE-Projects\sql_injection\securebanking-app\.\mvnw.cmd clean package -f pom.xml -B -V -e -Dfindbugs.skip -Dcheckstyle.skip -Dpmd.skip=true -Dspotbugs.skip -Denforcer.skip -Dmaven.javadoc.skip -DskipTests -Dmaven.test.skip.exec -Dlicense.skip=true -Drat.skip=true -Dspotless.check.skip=true
[2024-10-19 13:32:26] [build-stdout] [2024-10-19 13:32:26] [autobuild] 'C:\Users\AKANKSHA' is not recognized as an internal or external command,
[2024-10-19 13:32:26] [build-stdout] [2024-10-19 13:32:26] [autobuild] operable program or batch file.
[2024-10-19 13:32:26] [build-stdout] [2024-10-19 13:32:26] [ERROR] Spawned process exited abnormally (code 1; tried to run: [C:\Users\AKANKSHA KALE\Downloads\codeql-win64\codeql\tools\win64\runner.exe, cmd.exe, /C, type, NUL, &&, C:\Users\AKANKSHA, KALE\Desktop\CWE-Projects\sql_injection\securebanking-app\.\mvnw.cmd, clean, package, -f, pom.xml, -B, -V, -e, -Dfindbugs.skip, -Dcheckstyle.skip, -Dpmd.skip=true, -Dspotbugs.skip, -Denforcer.skip, -Dmaven.javadoc.skip, -DskipTests, -Dmaven.test.skip.exec, -Dlicense.skip=true, -Drat.skip=true, -Dspotless.check.skip=true])
[2024-10-19 13:32:26] [ERROR] Spawned process exited abnormally (code 1; tried to run: [C:\Users\AKANKSHA KALE\Downloads\codeql-win64\codeql\tools\win64\tracer.exe, C:/Users/AKANKSHA KALE/Downloads/codeql-win64/codeql\tools\win64\runner.exe, cmd.exe, /C, type, NUL, &&, C:\Users\AKANKSHA KALE\Downloads\codeql-win64\codeql\java\tools\autobuild.cmd])
[2024-10-19 13:32:26] Exception caught at top level: Exit status 1 from command: [C:/Users/AKANKSHA KALE/Downloads/codeql-win64/codeql\tools\win64\runner.exe, cmd.exe, /C, type, NUL, &&, C:\Users\AKANKSHA KALE\Downloads\codeql-win64\codeql\java\tools\autobuild.cmd]
                      com.semmle.cli2.Commandline.executeAndCheckResult(Commandline.java:170)
                      com.semmle.cli2.Commandline.runWithoutReturn(Commandline.java:123)
                      com.semmle.cli2.database.DatabaseProcessCommandCommon.executeSubcommand(DatabaseProcessCommandCommon.java:227)
                      com.semmle.cli2.database.TraceCommandCommand.executeSubcommand(TraceCommandCommand.java:126)
                      com.semmle.cli2.picocli.SubcommandCommon.lambda$executeSubcommandWithMessages$5(SubcommandCommon.java:863)
                      com.semmle.cli2.picocli.SubcommandCommon.withCompilationMessages(SubcommandCommon.java:442)
                      com.semmle.cli2.picocli.SubcommandCommon.executeSubcommandWithMessages(SubcommandCommon.java:861)
                      com.semmle.cli2.picocli.PlumbingRunner.run(PlumbingRunner.java:119)
                      com.semmle.cli2.picocli.SubcommandCommon.runPlumbingInProcess(SubcommandCommon.java:199)
                      com.semmle.cli2.database.CreateCommand.executeSubcommand(CreateCommand.java:185)
                      com.semmle.cli2.picocli.SubcommandCommon.lambda$executeSubcommandWithMessages$5(SubcommandCommon.java:863)
                      com.semmle.cli2.picocli.SubcommandCommon.withCompilationMessages(SubcommandCommon.java:442)
                      com.semmle.cli2.picocli.SubcommandCommon.executeSubcommandWithMessages(SubcommandCommon.java:861)
                      com.semmle.cli2.picocli.SubcommandCommon.toplevelMain(SubcommandCommon.java:745)
                      com.semmle.cli2.picocli.SubcommandCommon.call(SubcommandCommon.java:726)
                      com.semmle.cli2.picocli.SubcommandMaker.runMain(SubcommandMaker.java:237)
                      com.semmle.cli2.picocli.SubcommandMaker.runMain(SubcommandMaker.java:258)
                      com.semmle.cli2.CodeQL.main(CodeQL.java:115)
